<?xml version="1.0" encoding="UTF-8"?>
<!-- Generated by org.testng.reporters.JUnitReportReporter -->
<testsuite hostname="DESKTOP-NTIM0NP" failures="0" tests="1" name="com.testng.com.ActionsEx3" time="9.439" errors="0" timestamp="08 Dec 2022 08:19:18 GMT" skipped="0">
  <testcase classname="com.testng.com.ActionsEx3" name="actionEx3" time="9.439"/>
</testsuite> <!-- com.testng.com.ActionsEx3 -->
