<?xml version="1.0" encoding="UTF-8"?>
<!-- Generated by org.testng.reporters.JUnitReportReporter -->
<testsuite hostname="DESKTOP-NTIM0NP" failures="0" tests="4" name="com.testng.com.MultipleTests" time="0.005" errors="0" timestamp="08 Dec 2022 08:19:18 GMT" skipped="1">
  <testcase classname="com.testng.com.MultipleTests" name="aThird" time="0.003"/>
  <testcase classname="com.testng.com.MultipleTests" name="cFirst" time="0.001"/>
  <testcase classname="com.testng.com.MultipleTests" name="dFour" time="0.001"/>
  <testcase classname="com.testng.com.MultipleTests" name="bSecond">
    <skipped/>
  </testcase> <!-- bSecond -->
</testsuite> <!-- com.testng.com.MultipleTests -->
